<?xml version="1.0" encoding="UTF-8"?>
<!-- Generated by org.testng.reporters.JUnitXMLReporter -->
<testsuite hostname="akshay" ignored="0" name="Test Validate Movie Info are Same in Both IMDB and Wikipedia" tests="3" failures="0" timestamp="12 Nov 2022 10:35:10 GMT" time="30.745" errors="0">
  <testcase name="wikiGetMovieDetailsTest" time="5.458" classname="movieInfoAutomationTestCases.MovieDetailsCompareTest"/>
  <testcase name="imdbGetMovieDetailsTest" time="15.391" classname="movieInfoAutomationTestCases.MovieDetailsCompareTest"/>
  <testcase name="verifyMovieDetailsTest" time="0.0" classname="movieInfoAutomationTestCases.MovieDetailsCompareTest"/>
</testsuite> <!-- Test Validate Movie Info are Same in Both IMDB and Wikipedia -->
