<?xml version="1.0" encoding="UTF-8"?>
<!-- Generated by org.testng.reporters.JUnitXMLReporter -->
<testsuite hostname="akshay" ignored="0" name="Test Validate Movie Info are Same in Both IMDB and Wikipedia" tests="1" failures="0" timestamp="18 Nov 2022 07:25:45 GMT" time="38.191" errors="0">
  <testcase name="wikiGetMovieDetailsTest" time="29.261" classname="com.TestVagrant.MovieInfoTestCases.MovieDetailsCompareTest"/>
</testsuite> <!-- Test Validate Movie Info are Same in Both IMDB and Wikipedia -->
