<?xml version="1.0" encoding="UTF-8"?>
<!-- Generated by org.testng.reporters.JUnitXMLReporter -->
<testsuite hostname="akshay" ignored="0" name="Test Validate Movie Info are Same in Both IMDB and Wikipedia" tests="3" failures="3" timestamp="12 Nov 2022 07:08:59 GMT" time="16.52" errors="0">
  <testcase name="wikiGetMovieDetailsTest" time="2.532" classname="com.TestVagrant.MovieInfoTestCases.MovieDetailsCompareTest">
    <failure type="java.io.IOException" message="Destination &amp;apos;.\Screenshots&amp;apos; exists but is a directory">
      <![CDATA[java.io.IOException: Destination '.\Screenshots' exists but is a directory
	at org.apache.commons.io.FileUtils.doCopyFile(FileUtils.java:1118)
	at org.apache.commons.io.FileUtils.copyFile(FileUtils.java:1076)
	at org.apache.commons.io.FileUtils.copyFile(FileUtils.java:1028)
	at com.TestVagrant.Utilities.BasePage.getScreenshot(BasePage.java:36)
	at com.TestVagrant.MovieInfoTestCases.MovieDetailsCompareTest.wikiGetMovieDetailsTest(MovieDetailsCompareTest.java:46)
... Removed 25 stack frames]]>
    </failure>
  </testcase> <!-- wikiGetMovieDetailsTest -->
  <testcase name="imdbGetMovieDetailsTest" time="4.917" classname="com.TestVagrant.MovieInfoTestCases.MovieDetailsCompareTest">
    <failure type="java.io.IOException" message="Destination &amp;apos;.\Screenshots&amp;apos; exists but is a directory">
      <![CDATA[java.io.IOException: Destination '.\Screenshots' exists but is a directory
	at org.apache.commons.io.FileUtils.doCopyFile(FileUtils.java:1118)
	at org.apache.commons.io.FileUtils.copyFile(FileUtils.java:1076)
	at org.apache.commons.io.FileUtils.copyFile(FileUtils.java:1028)
	at com.TestVagrant.Utilities.BasePage.getScreenshot(BasePage.java:36)
	at com.TestVagrant.MovieInfoTestCases.MovieDetailsCompareTest.imdbGetMovieDetailsTest(MovieDetailsCompareTest.java:61)
... Removed 25 stack frames]]>
    </failure>
  </testcase> <!-- imdbGetMovieDetailsTest -->
  <testcase name="verifyMovieDetailsTest" time="0.0" classname="com.TestVagrant.MovieInfoTestCases.MovieDetailsCompareTest">
    <failure type="java.lang.NullPointerException">
      <![CDATA[java.lang.NullPointerException
	at com.TestVagrant.MovieInfoTestCases.MovieDetailsCompareTest.verifyMovieDetailsTest(MovieDetailsCompareTest.java:72)
... Removed 25 stack frames]]>
    </failure>
  </testcase> <!-- verifyMovieDetailsTest -->
</testsuite> <!-- Test Validate Movie Info are Same in Both IMDB and Wikipedia -->
